This file contains any messages produced by compilers while
running configure, to aid debugging if configure makes a mistake.

It was created by configure, which was
generated by GNU Autoconf 2.69.  Invocation command line was

  $ ./configure --silent

## --------- ##
## Platform. ##
## --------- ##

hostname = Eustache
uname -m = x86_64
uname -r = 19.6.0
uname -s = Darwin
uname -v = Darwin Kernel Version 19.6.0: Tue Nov 10 00:10:30 PST 2020; root:xnu-6153.141.10~1/RELEASE_X86_64

/usr/bin/uname -p = i386
/bin/uname -X     = unknown

/bin/arch              = unknown
/usr/bin/arch -k       = unknown
/usr/convex/getsysinfo = unknown
/usr/bin/hostinfo      = Mach kernel version:
	 Darwin Kernel Version 19.6.0: Tue Nov 10 00:10:30 PST 2020; root:xnu-6153.141.10~1/RELEASE_X86_64
Kernel configured for up to 8 processors.
4 processors are physically available.
8 processors are logically available.
Processor type: x86_64h (Intel x86-64h Haswell)
Processors active: 0 1 2 3 4 5 6 7
Primary memory available: 24.00 gigabytes
Default processor set: 415 tasks, 2061 threads, 8 processors
Load average: 2.89, Mach factor: 5.09
/bin/machine           = unknown
/usr/bin/oslevel       = unknown
/bin/universe          = unknown

PATH: /Users/lionel/Dropbox/bin
PATH: /Users/lionel/.evm/bin
PATH: /usr/local/opt/python/libexec/bin
PATH: /usr/local/bin
PATH: /usr/bin
PATH: /bin
PATH: /usr/sbin
PATH: /sbin
PATH: /Library/TeX/texbin
PATH: /opt/X11/bin
PATH: /opt/local/bin
PATH: /opt/local/sbin
PATH: /Users/lionel/.cargo/bin
PATH: /usr/local/sbin
PATH: /Applications/Emacs.app/Contents/MacOS/bin-x86_64-10_10
PATH: /Applications/Emacs.app/Contents/MacOS/libexec-x86_64-10_10


## ----------- ##
## Core tests. ##
## ----------- ##

configure:1786: checking for gcc
configure:1813: result: gcc-10
configure:2042: checking for C compiler version
configure:2051: gcc-10 --version >&5
gcc-10 (Homebrew GCC 10.2.0) 10.2.0
Copyright (C) 2020 Free Software Foundation, Inc.
This is free software; see the source for copying conditions.  There is NO
warranty; not even for MERCHANTABILITY or FITNESS FOR A PARTICULAR PURPOSE.

configure:2062: $? = 0
configure:2051: gcc-10 -v >&5
Using built-in specs.
COLLECT_GCC=gcc-10
COLLECT_LTO_WRAPPER=/usr/local/Cellar/gcc/10.2.0/libexec/gcc/x86_64-apple-darwin19/10.2.0/lto-wrapper
Target: x86_64-apple-darwin19
Configured with: ../configure --build=x86_64-apple-darwin19 --prefix=/usr/local/Cellar/gcc/10.2.0 --libdir=/usr/local/Cellar/gcc/10.2.0/lib/gcc/10 --disable-nls --enable-checking=release --enable-languages=c,c++,objc,obj-c++,fortran --program-suffix=-10 --with-gmp=/usr/local/opt/gmp --with-mpfr=/usr/local/opt/mpfr --with-mpc=/usr/local/opt/libmpc --with-isl=/usr/local/opt/isl --with-system-zlib --with-pkgversion='Homebrew GCC 10.2.0' --with-bugurl=https://github.com/Homebrew/homebrew-core/issues --disable-multilib --with-native-system-header-dir=/usr/include --with-sysroot=/Library/Developer/CommandLineTools/SDKs/MacOSX10.15.sdk SED=/usr/bin/sed
Thread model: posix
Supported LTO compression algorithms: zlib
gcc version 10.2.0 (Homebrew GCC 10.2.0) 
configure:2062: $? = 0
configure:2051: gcc-10 -V >&5
gcc-10: error: unrecognized command-line option '-V'
gcc-10: fatal error: no input files
compilation terminated.
configure:2062: $? = 1
configure:2051: gcc-10 -qversion >&5
gcc-10: error: unrecognized command-line option '-qversion'; did you mean '--version'?
gcc-10: fatal error: no input files
compilation terminated.
configure:2062: $? = 1
configure:2082: checking whether the C compiler works
configure:2104: gcc-10 -Wall -g -O2 -DRLIB_DEBUG -Wall -pedantic -fno-common -mtune=core2 -O3 -I/usr/local/include  conftest.c  >&5
configure:2108: $? = 0
configure:2156: result: yes
configure:2159: checking for C compiler default output file name
configure:2161: result: a.out
configure:2167: checking for suffix of executables
configure:2174: gcc-10 -o conftest -Wall -g -O2 -DRLIB_DEBUG -Wall -pedantic -fno-common -mtune=core2 -O3 -I/usr/local/include  conftest.c  >&5
configure:2178: $? = 0
configure:2200: result: 
configure:2222: checking whether we are cross compiling
configure:2230: gcc-10 -o conftest -Wall -g -O2 -DRLIB_DEBUG -Wall -pedantic -fno-common -mtune=core2 -O3 -I/usr/local/include  conftest.c  >&5
configure:2234: $? = 0
configure:2241: ./conftest
configure:2245: $? = 0
configure:2260: result: no
configure:2265: checking for suffix of object files
configure:2287: gcc-10 -c -Wall -g -O2 -DRLIB_DEBUG -Wall -pedantic -fno-common -mtune=core2 -O3 -I/usr/local/include conftest.c >&5
configure:2291: $? = 0
configure:2312: result: o
configure:2316: checking whether we are using the GNU C compiler
configure:2335: gcc-10 -c -Wall -g -O2 -DRLIB_DEBUG -Wall -pedantic -fno-common -mtune=core2 -O3 -I/usr/local/include conftest.c >&5
configure:2335: $? = 0
configure:2344: result: yes
configure:2353: checking whether gcc-10 accepts -g
configure:2373: gcc-10 -c -g -I/usr/local/include conftest.c >&5
configure:2373: $? = 0
configure:2414: result: yes
configure:2431: checking for gcc-10 option to accept ISO C89
configure:2494: gcc-10  -c -Wall -g -O2 -DRLIB_DEBUG -Wall -pedantic -fno-common -mtune=core2 -O3 -I/usr/local/include conftest.c >&5
configure:2494: $? = 0
configure:2507: result: none needed
configure:2527: checking for gcc-10 option to accept ISO C99
configure:2676: gcc-10  -c -Wall -g -O2 -DRLIB_DEBUG -Wall -pedantic -fno-common -mtune=core2 -O3 -I/usr/local/include conftest.c >&5
conftest.c: In function 'test_varargs':
conftest.c:80:9: warning: variable 'fnumber' set but not used [-Wunused-but-set-variable]
   80 |   float fnumber;
      |         ^~~~~~~
conftest.c:79:7: warning: variable 'number' set but not used [-Wunused-but-set-variable]
   79 |   int number;
      |       ^~~~~~
conftest.c:78:15: warning: variable 'str' set but not used [-Wunused-but-set-variable]
   78 |   const char *str;
      |               ^~~
configure:2676: $? = 0
configure:2689: result: none needed
configure:2873: creating ./config.status

## ---------------------- ##
## Running config.status. ##
## ---------------------- ##

This file was extended by config.status, which was
generated by GNU Autoconf 2.69.  Invocation command line was

  CONFIG_FILES    = 
  CONFIG_HEADERS  = 
  CONFIG_LINKS    = 
  CONFIG_COMMANDS = 
  $ ./config.status --quiet

on Eustache

config.status:719: creating Makefile

## ---------------- ##
## Cache variables. ##
## ---------------- ##

ac_cv_c_compiler_gnu=yes
ac_cv_env_CC_set=
ac_cv_env_CC_value=
ac_cv_env_CFLAGS_set=
ac_cv_env_CFLAGS_value=
ac_cv_env_CPPFLAGS_set=
ac_cv_env_CPPFLAGS_value=
ac_cv_env_LDFLAGS_set=
ac_cv_env_LDFLAGS_value=
ac_cv_env_LIBS_set=
ac_cv_env_LIBS_value=
ac_cv_env_build_alias_set=
ac_cv_env_build_alias_value=
ac_cv_env_host_alias_set=
ac_cv_env_host_alias_value=
ac_cv_env_target_alias_set=
ac_cv_env_target_alias_value=
ac_cv_objext=o
ac_cv_prog_ac_ct_CC=gcc-10
ac_cv_prog_cc_c89=
ac_cv_prog_cc_c99=
ac_cv_prog_cc_g=yes

## ----------------- ##
## Output variables. ##
## ----------------- ##

C99_FLAG='-std=c99'
CC='gcc-10'
CFLAGS='-Wall -g -O2 -DRLIB_DEBUG -Wall -pedantic -fno-common -mtune=core2 -O3'
CPPFLAGS='-I/usr/local/include'
DEFS='-DPACKAGE_NAME=\"\" -DPACKAGE_TARNAME=\"\" -DPACKAGE_VERSION=\"\" -DPACKAGE_STRING=\"\" -DPACKAGE_BUGREPORT=\"\" -DPACKAGE_URL=\"\"'
ECHO_C='\c'
ECHO_N=''
ECHO_T=''
EXEEXT=''
LDFLAGS=''
LIBOBJS=''
LIBS=''
LTLIBOBJS=''
OBJEXT='o'
PACKAGE_BUGREPORT=''
PACKAGE_NAME=''
PACKAGE_STRING=''
PACKAGE_TARNAME=''
PACKAGE_URL=''
PACKAGE_VERSION=''
PATH_SEPARATOR=':'
SHELL='/bin/sh'
ac_ct_CC='gcc-10'
bindir='${exec_prefix}/bin'
build_alias=''
datadir='${datarootdir}'
datarootdir='${prefix}/share'
docdir='${datarootdir}/doc/${PACKAGE}'
dvidir='${docdir}'
exec_prefix='${prefix}'
host_alias=''
htmldir='${docdir}'
includedir='${prefix}/include'
infodir='${datarootdir}/info'
libdir='${exec_prefix}/lib'
libexecdir='${exec_prefix}/libexec'
localedir='${datarootdir}/locale'
localstatedir='${prefix}/var'
mandir='${datarootdir}/man'
oldincludedir='/usr/include'
pdfdir='${docdir}'
prefix='/usr/local'
program_transform_name='s,x,x,'
psdir='${docdir}'
sbindir='${exec_prefix}/sbin'
sharedstatedir='${prefix}/com'
sysconfdir='${prefix}/etc'
target_alias=''

## ----------- ##
## confdefs.h. ##
## ----------- ##

/* confdefs.h */
#define PACKAGE_NAME ""
#define PACKAGE_TARNAME ""
#define PACKAGE_VERSION ""
#define PACKAGE_STRING ""
#define PACKAGE_BUGREPORT ""
#define PACKAGE_URL ""

configure: exit 0
